#
# There is insufficient memory for the Java Runtime Environment to continue.
# Native memory allocation (mmap) failed to map 102760448 bytes for G1 virtual space
# Possible reasons:
#   The system is out of physical RAM or swap space
#   The process is running with CompressedOops enabled, and the Java Heap may be blocking the growth of the native heap
# Possible solutions:
#   Reduce memory load on the system
#   Increase physical memory or swap space
#   Check if swap backing store is full
#   Decrease Java heap size (-Xmx/-Xms)
#   Decrease number of Java threads
#   Decrease Java thread stack sizes (-Xss)
#   Set larger code cache with -XX:ReservedCodeCacheSize=
#   JVM is running with Zero Based Compressed Oops mode in which the Java heap is
#     placed in the first 32GB address space. The Java Heap base address is the
#     maximum limit for the native heap growth. Please use -XX:HeapBaseMinAddress
#     to set the Java Heap base and to place the Java Heap above 32GB virtual address.
# This output file may be truncated or incomplete.
#
#  Out of Memory Error (os_windows.cpp:3541), pid=14144, tid=21576
#
# JRE version: Java(TM) SE Runtime Environment (17.0.5+9) (build 17.0.5+9-LTS-191)
# Java VM: Java HotSpot(TM) 64-Bit Server VM (17.0.5+9-LTS-191, mixed mode, emulated-client, sharing, tiered, compressed oops, compressed class ptrs, g1 gc, windows-amd64)
# No core dump will be written. Minidumps are not enabled by default on client versions of Windows
#

---------------  S U M M A R Y ------------

Command Line: -XX:TieredStopAtLevel=1 -Dspring.output.ansi.enabled=always -Dcom.sun.management.jmxremote -Dspring.jmx.enabled=true -Dspring.liveBeansView.mbeanDomain -Dspring.application.admin.enabled=true -javaagent:D:\Programme\ideaIU-2022.2.3.win\lib\idea_rt.jar=7799:D:\Programme\ideaIU-2022.2.3.win\bin -Dfile.encoding=UTF-8 mg.cloud.enchere_back_end.EnchereBackEndApplication

Host: Intel(R) Core(TM) i7-8750H CPU @ 2.20GHz, 12 cores, 15G,  Windows 10 , 64 bit Build 19041 (10.0.19041.2364)
Time: Fri Feb  3 05:21:57 2023 Paris, Madrid elapsed time: 4.766572 seconds (0d 0h 0m 4s)

---------------  T H R E A D  ---------------

Current thread (0x000001f253c06c70):  VMThread "VM Thread" [stack: 0x000000bc74e00000,0x000000bc74f00000] [id=21576]

Stack: [0x000000bc74e00000,0x000000bc74f00000]
Native frames: (J=compiled Java code, j=interpreted, Vv=VM code, C=native code)
V  [jvm.dll+0x672eea]
V  [jvm.dll+0x7d2a04]
V  [jvm.dll+0x7d41ae]
V  [jvm.dll+0x7d4813]
V  [jvm.dll+0x242c15]
V  [jvm.dll+0x66fe09]
V  [jvm.dll+0x664682]
V  [jvm.dll+0x300e8b]
V  [jvm.dll+0x308426]
V  [jvm.dll+0x357ffe]
V  [jvm.dll+0x35822f]
V  [jvm.dll+0x2d80a8]
V  [jvm.dll+0x2d6374]
V  [jvm.dll+0x2d597c]
V  [jvm.dll+0x3193eb]
V  [jvm.dll+0x7d8ceb]
V  [jvm.dll+0x7d9a24]
V  [jvm.dll+0x7d9f3c]
V  [jvm.dll+0x7da314]
V  [jvm.dll+0x7da3e0]
V  [jvm.dll+0x782b4a]
V  [jvm.dll+0x671d75]
C  [ucrtbase.dll+0x21bb2]
C  [KERNEL32.DLL+0x17614]
C  [ntdll.dll+0x526a1]

VM_Operation (0x000000bc766f6a30): G1CollectForAllocation, mode: safepoint, requested by thread 0x000001f2551e7880


---------------  P R O C E S S  ---------------

Threads class SMR info:
_java_thread_list=0x000001f25677a880, length=22, elements={
0x000001f23cc90110, 0x000001f253c10150, 0x000001f253c10fd0, 0x000001f253c23ce0,
0x000001f253c24690, 0x000001f253c25040, 0x000001f253c28ef0, 0x000001f253c29950,
0x000001f254808090, 0x000001f254865440, 0x000001f2548e49a0, 0x000001f2548e5ec0,
0x000001f254cc18a0, 0x000001f254cc1d70, 0x000001f254dfb240, 0x000001f2551e6950,
0x000001f2551e7880, 0x000001f25644a0b0, 0x000001f25668d980, 0x000001f2566b4b70,
0x000001f257041210, 0x000001f2570416e0
}

Java Threads: ( => current thread )
  0x000001f23cc90110 JavaThread "main" [_thread_blocked, id=21308, stack(0x000000bc74800000,0x000000bc74900000)]
  0x000001f253c10150 JavaThread "Reference Handler" daemon [_thread_blocked, id=17380, stack(0x000000bc74f00000,0x000000bc75000000)]
  0x000001f253c10fd0 JavaThread "Finalizer" daemon [_thread_blocked, id=22060, stack(0x000000bc75000000,0x000000bc75100000)]
  0x000001f253c23ce0 JavaThread "Signal Dispatcher" daemon [_thread_blocked, id=16932, stack(0x000000bc75100000,0x000000bc75200000)]
  0x000001f253c24690 JavaThread "Attach Listener" daemon [_thread_blocked, id=12632, stack(0x000000bc75200000,0x000000bc75300000)]
  0x000001f253c25040 JavaThread "Service Thread" daemon [_thread_blocked, id=17920, stack(0x000000bc75300000,0x000000bc75400000)]
  0x000001f253c28ef0 JavaThread "Monitor Deflation Thread" daemon [_thread_blocked, id=25128, stack(0x000000bc75400000,0x000000bc75500000)]
  0x000001f253c29950 JavaThread "C1 CompilerThread0" daemon [_thread_blocked, id=23000, stack(0x000000bc75500000,0x000000bc75600000)]
  0x000001f254808090 JavaThread "Sweeper thread" daemon [_thread_blocked, id=23932, stack(0x000000bc75600000,0x000000bc75700000)]
  0x000001f254865440 JavaThread "Common-Cleaner" daemon [_thread_blocked, id=24460, stack(0x000000bc75700000,0x000000bc75800000)]
  0x000001f2548e49a0 JavaThread "C1 CompilerThread1" daemon [_thread_blocked, id=20708, stack(0x000000bc75800000,0x000000bc75900000)]
  0x000001f2548e5ec0 JavaThread "C1 CompilerThread2" daemon [_thread_blocked, id=24440, stack(0x000000bc75900000,0x000000bc75a00000)]
  0x000001f254cc18a0 JavaThread "Monitor Ctrl-Break" daemon [_thread_in_native, id=22616, stack(0x000000bc75a00000,0x000000bc75b00000)]
  0x000001f254cc1d70 JavaThread "Notification Thread" daemon [_thread_blocked, id=21636, stack(0x000000bc75b00000,0x000000bc75c00000)]
  0x000001f254dfb240 JavaThread "RMI TCP Accept-0" daemon [_thread_in_native, id=25400, stack(0x000000bc75c00000,0x000000bc75d00000)]
  0x000001f2551e6950 JavaThread "Thread-0" [_thread_blocked, id=25392, stack(0x000000bc76500000,0x000000bc76600000)]
  0x000001f2551e7880 JavaThread "restartedMain" [_thread_blocked, id=24452, stack(0x000000bc76600000,0x000000bc76700000)]
  0x000001f25644a0b0 JavaThread "C1 CompilerThread3" daemon [_thread_blocked, id=19948, stack(0x000000bc76a00000,0x000000bc76b00000)]
  0x000001f25668d980 JavaThread "RMI TCP Connection(1)-127.0.0.1" daemon [_thread_in_native, id=23156, stack(0x000000bc76700000,0x000000bc76800000)]
  0x000001f2566b4b70 JavaThread "RMI Scheduler(0)" daemon [_thread_blocked, id=15468, stack(0x000000bc76b00000,0x000000bc76c00000)]
  0x000001f257041210 JavaThread "HikariPool-1 housekeeper" daemon [_thread_blocked, id=18720, stack(0x000000bc77000000,0x000000bc77100000)]
  0x000001f2570416e0 JavaThread "HikariPool-1 connection adder" daemon [_thread_blocked, id=18196, stack(0x000000bc77100000,0x000000bc77200000)]

Other Threads:
=>0x000001f253c06c70 VMThread "VM Thread" [stack: 0x000000bc74e00000,0x000000bc74f00000] [id=21576]
  0x000001f254e0c590 WatcherThread [stack: 0x000000bc75d00000,0x000000bc75e00000] [id=24320]
  0x000001f23ccfc580 GCTaskThread "GC Thread#0" [stack: 0x000000bc74900000,0x000000bc74a00000] [id=9724]
  0x000001f255170710 GCTaskThread "GC Thread#1" [stack: 0x000000bc75e00000,0x000000bc75f00000] [id=8272]
  0x000001f2551bd890 GCTaskThread "GC Thread#2" [stack: 0x000000bc75f00000,0x000000bc76000000] [id=24392]
  0x000001f2551bdb40 GCTaskThread "GC Thread#3" [stack: 0x000000bc76000000,0x000000bc76100000] [id=21692]
  0x000001f255155850 GCTaskThread "GC Thread#4" [stack: 0x000000bc76100000,0x000000bc76200000] [id=20656]
  0x000001f2551d84b0 GCTaskThread "GC Thread#5" [stack: 0x000000bc76200000,0x000000bc76300000] [id=23532]
  0x000001f25520b000 GCTaskThread "GC Thread#6" [stack: 0x000000bc76300000,0x000000bc76400000] [id=18612]
  0x000001f255366f70 GCTaskThread "GC Thread#7" [stack: 0x000000bc76800000,0x000000bc76900000] [id=23320]
  0x000001f25538a2d0 GCTaskThread "GC Thread#8" [stack: 0x000000bc76900000,0x000000bc76a00000] [id=25292]
  0x000001f2569529e0 GCTaskThread "GC Thread#9" [stack: 0x000000bc76c00000,0x000000bc76d00000] [id=17812]
  0x000001f23cd0d250 ConcurrentGCThread "G1 Main Marker" [stack: 0x000000bc74a00000,0x000000bc74b00000] [id=11000]
  0x000001f23cd0e400 ConcurrentGCThread "G1 Conc#0" [stack: 0x000000bc74b00000,0x000000bc74c00000] [id=17924]
  0x000001f25697dd50 ConcurrentGCThread "G1 Conc#1" [stack: 0x000000bc76d00000,0x000000bc76e00000] [id=14680]
  0x000001f25697daa0 ConcurrentGCThread "G1 Conc#2" [stack: 0x000000bc76e00000,0x000000bc76f00000] [id=12204]
  0x000001f23cd5ec70 ConcurrentGCThread "G1 Refine#0" [stack: 0x000000bc74c00000,0x000000bc74d00000] [id=10484]
  0x000001f2551b1470 ConcurrentGCThread "G1 Refine#1" [stack: 0x000000bc76400000,0x000000bc76500000] [id=17036]
  0x000001f253abe870 ConcurrentGCThread "G1 Service" [stack: 0x000000bc74d00000,0x000000bc74e00000] [id=21196]

Threads with active compile tasks:
C1 CompilerThread0     4784 5137       1       net.bytebuddy.description.method.MethodDescription$ForLoadedMethod::getDeclaredAnnotations (67 bytes)

VM state: at safepoint (normal execution)

VM Mutex/Monitor currently owned by a thread:  ([mutex/lock_event])
[0x000001f23cc8dcd0] Threads_lock - owner thread: 0x000001f253c06c70
[0x000001f23cc8cd10] Heap_lock - owner thread: 0x000001f2551e7880

Heap address: 0x0000000702600000, size: 4058 MB, Compressed Oops mode: Zero based, Oop shift amount: 3

CDS archive(s) mapped at: [0x0000000800000000-0x0000000800bd0000-0x0000000800bd0000), size 12386304, SharedBaseAddress: 0x0000000800000000, ArchiveRelocationMode: 0.
Compressed class space mapped at: 0x0000000800c00000-0x0000000840c00000, reserved size: 1073741824
Narrow klass base: 0x0000000800000000, Narrow klass shift: 0, Narrow klass range: 0x100000000

GC Precious Log:
 CPUs: 12 total, 12 available
 Memory: 16226M
 Large Page Support: Disabled
 NUMA Support: Disabled
 Compressed Oops: Enabled (Zero based)
 Heap Region Size: 2M
 Heap Min Capacity: 8M
 Heap Initial Capacity: 254M
 Heap Max Capacity: 4058M
 Pre-touch: Disabled
 Parallel Workers: 10
 Concurrent Workers: 3
 Concurrent Refinement Workers: 10
 Periodic GC: Disabled

Heap:
 garbage-first heap   total 61440K, used 22228K [0x0000000702600000, 0x0000000800000000)
  region size 2048K, 1 young (2048K), 1 survivors (2048K)
 Metaspace       used 44883K, committed 45312K, reserved 1089536K
  class space    used 6435K, committed 6656K, reserved 1048576K

Heap Regions: E=young(eden), S=young(survivor), O=old, HS=humongous(starts), HC=humongous(continues), CS=collection set, F=free, OA=open archive, CA=closed archive, TAMS=top-at-mark-start (previous, next)
|   0|0x0000000702600000, 0x0000000702800000, 0x0000000702800000|100%| O|  |TAMS 0x0000000702800000, 0x0000000702600000| Untracked 
|   1|0x0000000702800000, 0x0000000702a00000, 0x0000000702a00000|100%| O|  |TAMS 0x0000000702a00000, 0x0000000702800000| Untracked 
|   2|0x0000000702a00000, 0x0000000702c00000, 0x0000000702c00000|100%| O|  |TAMS 0x0000000702c00000, 0x0000000702a00000| Untracked 
|   3|0x0000000702c00000, 0x0000000702e00000, 0x0000000702e00000|100%| O|  |TAMS 0x0000000702d6d800, 0x0000000702c00000| Untracked 
|   4|0x0000000702e00000, 0x0000000703000000, 0x0000000703000000|100%| O|  |TAMS 0x0000000703000000, 0x0000000702e00000| Untracked 
|   5|0x0000000703000000, 0x0000000703200000, 0x0000000703200000|100%| O|  |TAMS 0x0000000703200000, 0x0000000703000000| Untracked 
|   6|0x0000000703200000, 0x0000000703400000, 0x0000000703400000|100%| O|  |TAMS 0x0000000703400000, 0x0000000703200000| Untracked 
|   7|0x0000000703400000, 0x0000000703600000, 0x0000000703600000|100%| O|  |TAMS 0x0000000703600000, 0x0000000703400000| Untracked 
|   8|0x0000000703600000, 0x0000000703600000, 0x0000000703800000|  0%| F|  |TAMS 0x0000000703600000, 0x0000000703600000| Untracked 
|   9|0x0000000703800000, 0x0000000703a00000, 0x0000000703a00000|100%| O|  |TAMS 0x0000000703800000, 0x0000000703800000| Untracked 
|  10|0x0000000703a00000, 0x0000000703c00000, 0x0000000703c00000|100%| O|  |TAMS 0x0000000703a00000, 0x0000000703a00000| Untracked 
|  11|0x0000000703c00000, 0x0000000703cce200, 0x0000000703e00000| 40%| O|  |TAMS 0x0000000703c00000, 0x0000000703c00000| Untracked 
|  12|0x0000000703e00000, 0x0000000703e00000, 0x0000000704000000|  0%| F|  |TAMS 0x0000000703e00000, 0x0000000703e00000| Untracked 
|  13|0x0000000704000000, 0x0000000704000000, 0x0000000704200000|  0%| F|  |TAMS 0x0000000704000000, 0x0000000704000000| Untracked 
|  14|0x0000000704200000, 0x0000000704200000, 0x0000000704400000|  0%| F|  |TAMS 0x0000000704200000, 0x0000000704200000| Untracked 
|  15|0x0000000704400000, 0x0000000704400000, 0x0000000704600000|  0%| F|  |TAMS 0x0000000704400000, 0x0000000704400000| Untracked 
|  16|0x0000000704600000, 0x0000000704600000, 0x0000000704800000|  0%| F|  |TAMS 0x0000000704600000, 0x0000000704600000| Untracked 
|  17|0x0000000704800000, 0x00000007048e6f78, 0x0000000704a00000| 45%| S|CS|TAMS 0x0000000704800000, 0x0000000704800000| Complete 
|  18|0x0000000704a00000, 0x0000000704a00000, 0x0000000704c00000|  0%| F|  |TAMS 0x0000000704a00000, 0x0000000704a00000| Untracked 
|  19|0x0000000704c00000, 0x0000000704c00000, 0x0000000704e00000|  0%| F|  |TAMS 0x0000000704c00000, 0x0000000704c00000| Untracked 
|  20|0x0000000704e00000, 0x0000000704e00000, 0x0000000705000000|  0%| F|  |TAMS 0x0000000704e00000, 0x0000000704e00000| Untracked 
|  21|0x0000000705000000, 0x0000000705000000, 0x0000000705200000|  0%| F|  |TAMS 0x0000000705000000, 0x0000000705000000| Untracked 
|  22|0x0000000705200000, 0x0000000705200000, 0x0000000705400000|  0%| F|  |TAMS 0x0000000705200000, 0x0000000705200000| Untracked 
|  23|0x0000000705400000, 0x0000000705400000, 0x0000000705600000|  0%| F|  |TAMS 0x0000000705400000, 0x0000000705400000| Untracked 
|  24|0x0000000705600000, 0x0000000705600000, 0x0000000705800000|  0%| F|  |TAMS 0x0000000705600000, 0x0000000705600000| Untracked 
| 122|0x0000000711a00000, 0x0000000711a00000, 0x0000000711c00000|  0%| F|  |TAMS 0x0000000711a00000, 0x0000000711a00000| Untracked 
| 123|0x0000000711c00000, 0x0000000711c00000, 0x0000000711e00000|  0%| F|  |TAMS 0x0000000711c00000, 0x0000000711c00000| Untracked 
| 124|0x0000000711e00000, 0x0000000711e00000, 0x0000000712000000|  0%| F|  |TAMS 0x0000000711e00000, 0x0000000711e00000| Untracked 
| 125|0x0000000712000000, 0x0000000712000000, 0x0000000712200000|  0%| F|  |TAMS 0x0000000712000000, 0x0000000712000000| Untracked 
| 126|0x0000000712200000, 0x0000000712200000, 0x0000000712400000|  0%| F|  |TAMS 0x0000000712200000, 0x0000000712200000| Untracked 

Card table byte_map: [0x000001f248030000,0x000001f248820000] _byte_map_base: 0x000001f24481d000

Marking Bits (Prev, Next): (CMBitMap*) 0x000001f23ccfcb90, (CMBitMap*) 0x000001f23ccfcbd0
 Prev Bits: [0x000001f249010000, 0x000001f24cf78000)
 Next Bits: [0x000001f24cf80000, 0x000001f250ee8000)

Polling page: 0x000001f23abf0000

Metaspace:

Usage:
  Non-class:     37.55 MB used.
      Class:      6.28 MB used.
       Both:     43.83 MB used.

Virtual space:
  Non-class space:       40.00 MB reserved,      37.75 MB ( 94%) committed,  5 nodes.
      Class space:        1.00 GB reserved,       6.50 MB ( <1%) committed,  1 nodes.
             Both:        1.04 GB reserved,      44.25 MB (  4%) committed. 

Chunk freelists:
   Non-Class:  2.19 MB
       Class:  1.54 MB
        Both:  3.72 MB

MaxMetaspaceSize: unlimited
CompressedClassSpaceSize: 1.00 GB
Initial GC threshold: 21.00 MB
Current GC threshold: 58.88 MB
CDS: on
MetaspaceReclaimPolicy: balanced
 - commit_granule_bytes: 65536.
 - commit_granule_words: 8192.
 - virtual_space_node_default_size: 1048576.
 - enlarge_chunks_in_place: 1.
 - new_chunks_are_fully_committed: 0.
 - uncommit_free_chunks: 1.
 - use_allocation_guard: 0.
 - handle_deallocations: 1.


Internal statistics:

num_allocs_failed_limit: 6.
num_arena_births: 622.
num_arena_deaths: 0.
num_vsnodes_births: 6.
num_vsnodes_deaths: 0.
num_space_committed: 708.
num_space_uncommitted: 0.
num_chunks_returned_to_freelist: 6.
num_chunks_taken_from_freelist: 2260.
num_chunk_merges: 6.
num_chunk_splits: 1612.
num_chunks_enlarged: 1213.
num_purges: 0.
num_inconsistent_stats: 0.

CodeCache: size=49152Kb used=10671Kb max_used=10671Kb free=38480Kb
 bounds [0x000001f244500000, 0x000001f244f70000, 0x000001f247500000]
 total_blobs=5720 nmethods=5136 adapters=508
 compilation: enabled
              stopped_count=0, restarted_count=0
 full_count=0

Compilation events (20 events):
Event: 4.758 Thread 0x000001f2548e5ec0 5128       1       net.bytebuddy.description.method.MethodDescription$TypeSubstituting::getTypeVariables (33 bytes)
Event: 4.758 Thread 0x000001f253c29950 nmethod 5127 0x000001f244f68390 code [0x000001f244f68520, 0x000001f244f68608]
Event: 4.758 Thread 0x000001f25644a0b0 5129       1       net.bytebuddy.dynamic.scaffold.MethodRegistry$Default$Compiled$Entry::bind (71 bytes)
Event: 4.758 Thread 0x000001f2548e49a0 5130       1       net.bytebuddy.dynamic.scaffold.MethodRegistry$Handler$ForImplementation$Compiled::assemble (15 bytes)
Event: 4.758 Thread 0x000001f253c29950 5131       1       net.bytebuddy.dynamic.scaffold.TypeWriter$MethodPool$Record$AccessBridgeWrapper::of (113 bytes)
Event: 4.758 Thread 0x000001f2548e49a0 nmethod 5130 0x000001f244f68690 code [0x000001f244f68820, 0x000001f244f68ad8]
Event: 4.758 Thread 0x000001f2548e5ec0 nmethod 5128 0x000001f244f68b90 code [0x000001f244f68d60, 0x000001f244f690a8]
Event: 4.758 Thread 0x000001f2548e5ec0 5132       1       net.bytebuddy.description.method.ParameterList$AbstractBase::hasExplicitMetaData (49 bytes)
Event: 4.758 Thread 0x000001f2548e49a0 5133       1       net.bytebuddy.implementation.bytecode.member.MethodReturn::of (81 bytes)
Event: 4.758 Thread 0x000001f25644a0b0 nmethod 5129 0x000001f244f69210 code [0x000001f244f693e0, 0x000001f244f69848]
Event: 4.758 Thread 0x000001f25644a0b0 5134       1       net.bytebuddy.dynamic.scaffold.InstrumentedType$Default::getDeclaredFields (13 bytes)
Event: 4.758 Thread 0x000001f2548e49a0 nmethod 5133 0x000001f244f69990 code [0x000001f244f69ba0, 0x000001f244f69e68]
Event: 4.758 Thread 0x000001f25644a0b0 nmethod 5134 0x000001f244f69f90 code [0x000001f244f6a120, 0x000001f244f6a2f8]
Event: 4.758 Thread 0x000001f2548e49a0 5135       1       net.bytebuddy.description.field.FieldList$ForTokens::<init> (15 bytes)
Event: 4.758 Thread 0x000001f25644a0b0 5136       1       net.bytebuddy.description.field.FieldList$AbstractBase::<init> (5 bytes)
Event: 4.759 Thread 0x000001f2548e5ec0 nmethod 5132 0x000001f244f6a390 code [0x000001f244f6a560, 0x000001f244f6a878]
Event: 4.759 Thread 0x000001f2548e49a0 nmethod 5135 0x000001f244f6aa10 code [0x000001f244f6aba0, 0x000001f244f6ad18]
Event: 4.759 Thread 0x000001f25644a0b0 nmethod 5136 0x000001f244f6ad90 code [0x000001f244f6af20, 0x000001f244f6aff8]
Event: 4.759 Thread 0x000001f253c29950 nmethod 5131 0x000001f244f6b090 code [0x000001f244f6b2c0, 0x000001f244f6b9c8]
Event: 4.760 Thread 0x000001f253c29950 5137       1       net.bytebuddy.description.method.MethodDescription$ForLoadedMethod::getDeclaredAnnotations (67 bytes)

GC Heap History (20 events):
Event: 1.527 GC heap after
{Heap after GC invocations=2 (full 0):
 garbage-first heap   total 260096K, used 8917K [0x0000000702600000, 0x0000000800000000)
  region size 2048K, 1 young (2048K), 1 survivors (2048K)
 Metaspace       used 10692K, committed 10944K, reserved 1064960K
  class space    used 1464K, committed 1600K, reserved 1048576K
}
Event: 2.401 GC heap before
{Heap before GC invocations=2 (full 0):
 garbage-first heap   total 260096K, used 78549K [0x0000000702600000, 0x0000000800000000)
  region size 2048K, 35 young (71680K), 1 survivors (2048K)
 Metaspace       used 21172K, committed 21504K, reserved 1073152K
  class space    used 2857K, committed 3008K, reserved 1048576K
}
Event: 2.406 GC heap after
{Heap after GC invocations=3 (full 0):
 garbage-first heap   total 260096K, used 13409K [0x0000000702600000, 0x0000000800000000)
  region size 2048K, 4 young (8192K), 4 survivors (8192K)
 Metaspace       used 21172K, committed 21504K, reserved 1073152K
  class space    used 2857K, committed 3008K, reserved 1048576K
}
Event: 2.409 GC heap before
{Heap before GC invocations=3 (full 0):
 garbage-first heap   total 260096K, used 13409K [0x0000000702600000, 0x0000000800000000)
  region size 2048K, 5 young (10240K), 4 survivors (8192K)
 Metaspace       used 21208K, committed 21504K, reserved 1073152K
  class space    used 2861K, committed 3008K, reserved 1048576K
}
Event: 2.413 GC heap after
{Heap after GC invocations=4 (full 0):
 garbage-first heap   total 260096K, used 13653K [0x0000000702600000, 0x0000000800000000)
  region size 2048K, 4 young (8192K), 4 survivors (8192K)
 Metaspace       used 21208K, committed 21504K, reserved 1073152K
  class space    used 2861K, committed 3008K, reserved 1048576K
}
Event: 2.830 GC heap before
{Heap before GC invocations=5 (full 0):
 garbage-first heap   total 61440K, used 42325K [0x0000000702600000, 0x0000000800000000)
  region size 2048K, 18 young (36864K), 4 survivors (8192K)
 Metaspace       used 23804K, committed 24192K, reserved 1073152K
  class space    used 3277K, committed 3456K, reserved 1048576K
}
Event: 2.835 GC heap after
{Heap after GC invocations=6 (full 0):
 garbage-first heap   total 61440K, used 16050K [0x0000000702600000, 0x0000000800000000)
  region size 2048K, 2 young (4096K), 2 survivors (4096K)
 Metaspace       used 23804K, committed 24192K, reserved 1073152K
  class space    used 3277K, committed 3456K, reserved 1048576K
}
Event: 2.871 GC heap before
{Heap before GC invocations=6 (full 0):
 garbage-first heap   total 61440K, used 16050K [0x0000000702600000, 0x0000000800000000)
  region size 2048K, 3 young (6144K), 2 survivors (4096K)
 Metaspace       used 24171K, committed 24576K, reserved 1073152K
  class space    used 3350K, committed 3584K, reserved 1048576K
}
Event: 2.874 GC heap after
{Heap after GC invocations=7 (full 0):
 garbage-first heap   total 61440K, used 16054K [0x0000000702600000, 0x0000000800000000)
  region size 2048K, 1 young (2048K), 1 survivors (2048K)
 Metaspace       used 24171K, committed 24576K, reserved 1073152K
  class space    used 3350K, committed 3584K, reserved 1048576K
}
Event: 3.229 GC heap before
{Heap before GC invocations=7 (full 0):
 garbage-first heap   total 61440K, used 40630K [0x0000000702600000, 0x0000000800000000)
  region size 2048K, 13 young (26624K), 1 survivors (2048K)
 Metaspace       used 27683K, committed 28160K, reserved 1073152K
  class space    used 3818K, committed 4032K, reserved 1048576K
}
Event: 3.231 GC heap after
{Heap after GC invocations=8 (full 0):
 garbage-first heap   total 61440K, used 17899K [0x0000000702600000, 0x0000000800000000)
  region size 2048K, 2 young (4096K), 2 survivors (4096K)
 Metaspace       used 27683K, committed 28160K, reserved 1073152K
  class space    used 3818K, committed 4032K, reserved 1048576K
}
Event: 3.634 GC heap before
{Heap before GC invocations=8 (full 0):
 garbage-first heap   total 61440K, used 42475K [0x0000000702600000, 0x0000000800000000)
  region size 2048K, 14 young (28672K), 2 survivors (4096K)
 Metaspace       used 32700K, committed 33216K, reserved 1081344K
  class space    used 4583K, committed 4800K, reserved 1048576K
}
Event: 3.637 GC heap after
{Heap after GC invocations=9 (full 0):
 garbage-first heap   total 61440K, used 19058K [0x0000000702600000, 0x0000000800000000)
  region size 2048K, 1 young (2048K), 1 survivors (2048K)
 Metaspace       used 32700K, committed 33216K, reserved 1081344K
  class space    used 4583K, committed 4800K, reserved 1048576K
}
Event: 3.892 GC heap before
{Heap before GC invocations=9 (full 0):
 garbage-first heap   total 61440K, used 27250K [0x0000000702600000, 0x0000000800000000)
  region size 2048K, 6 young (12288K), 1 survivors (2048K)
 Metaspace       used 35552K, committed 35968K, reserved 1081344K
  class space    used 4935K, committed 5120K, reserved 1048576K
}
Event: 3.894 GC heap after
{Heap after GC invocations=10 (full 0):
 garbage-first heap   total 61440K, used 19764K [0x0000000702600000, 0x0000000800000000)
  region size 2048K, 1 young (2048K), 1 survivors (2048K)
 Metaspace       used 35552K, committed 35968K, reserved 1081344K
  class space    used 4935K, committed 5120K, reserved 1048576K
}
Event: 4.383 GC heap before
{Heap before GC invocations=11 (full 0):
 garbage-first heap   total 61440K, used 44340K [0x0000000702600000, 0x0000000800000000)
  region size 2048K, 14 young (28672K), 1 survivors (2048K)
 Metaspace       used 41511K, committed 41984K, reserved 1089536K
  class space    used 5854K, committed 6080K, reserved 1048576K
}
Event: 4.387 GC heap after
{Heap after GC invocations=12 (full 0):
 garbage-first heap   total 61440K, used 21806K [0x0000000702600000, 0x0000000800000000)
  region size 2048K, 2 young (4096K), 2 survivors (4096K)
 Metaspace       used 41511K, committed 41984K, reserved 1089536K
  class space    used 5854K, committed 6080K, reserved 1048576K
}
Event: 4.448 GC heap before
{Heap before GC invocations=12 (full 0):
 garbage-first heap   total 61440K, used 21806K [0x0000000702600000, 0x0000000800000000)
  region size 2048K, 3 young (6144K), 2 survivors (4096K)
 Metaspace       used 42413K, committed 42816K, reserved 1089536K
  class space    used 5958K, committed 6144K, reserved 1048576K
}
Event: 4.454 GC heap after
{Heap after GC invocations=13 (full 0):
 garbage-first heap   total 61440K, used 21924K [0x0000000702600000, 0x0000000800000000)
  region size 2048K, 1 young (2048K), 1 survivors (2048K)
 Metaspace       used 42413K, committed 42816K, reserved 1089536K
  class space    used 5958K, committed 6144K, reserved 1048576K
}
Event: 4.760 GC heap before
{Heap before GC invocations=13 (full 0):
 garbage-first heap   total 61440K, used 44452K [0x0000000702600000, 0x0000000800000000)
  region size 2048K, 12 young (24576K), 1 survivors (2048K)
 Metaspace       used 44883K, committed 45312K, reserved 1089536K
  class space    used 6435K, committed 6656K, reserved 1048576K
}

Deoptimization events (6 events):
Event: 1.796 Thread 0x000001f2551e7880 DEOPT PACKING pc=0x000001f244aedff9 sp=0x000000bc766fc420
Event: 1.796 Thread 0x000001f2551e7880 DEOPT UNPACKING pc=0x000001f244552b43 sp=0x000000bc766fb900 mode 3
Event: 3.840 Thread 0x000001f2551e7880 DEOPT PACKING pc=0x000001f244ac4d89 sp=0x000000bc766f8890
Event: 3.840 Thread 0x000001f2551e7880 DEOPT UNPACKING pc=0x000001f244552b43 sp=0x000000bc766f7d20 mode 3
Event: 3.840 Thread 0x000001f257041210 DEOPT PACKING pc=0x000001f24499a11f sp=0x000000bc770ff300
Event: 3.840 Thread 0x000001f257041210 DEOPT UNPACKING pc=0x000001f244552b43 sp=0x000000bc770fe758 mode 3

Classes unloaded (0 events):
No events

Classes redefined (0 events):
No events

Internal exceptions (20 events):
Event: 2.962 Thread 0x000001f25668d980 Exception <a 'java/lang/reflect/InvocationTargetException'{0x0000000711a010f8}> (0x0000000711a010f8) 
thrown [s\open\src\hotspot\share\runtime\reflection.cpp, line 1121]
Event: 3.129 Thread 0x000001f2551e7880 Exception <a 'sun/nio/fs/WindowsException'{0x0000000704c51a38}> (0x0000000704c51a38) 
thrown [s\open\src\hotspot\share\prims\jni.cpp, line 516]
Event: 3.130 Thread 0x000001f2551e7880 Exception <a 'sun/nio/fs/WindowsException'{0x0000000704c57530}> (0x0000000704c57530) 
thrown [s\open\src\hotspot\share\prims\jni.cpp, line 516]
Event: 3.130 Thread 0x000001f2551e7880 Exception <a 'sun/nio/fs/WindowsException'{0x0000000704c57c08}> (0x0000000704c57c08) 
thrown [s\open\src\hotspot\share\prims\jni.cpp, line 516]
Event: 3.148 Thread 0x000001f2551e7880 Exception <a 'java/lang/NoSuchMethodError'{0x0000000704d666a8}: 'java.lang.Object java.lang.invoke.DirectMethodHandle$Holder.invokeSpecial(java.lang.Object, java.lang.Object, long, java.lang.Object, java.lang.Object, java.lang.Object, java.lang.Object, java.lang.Object, java.lang.Object)'> (0x0000000704d666a8) 
thrown [s\open\src\hotspot\share\interpreter\linkResolver.cpp, line 759]
Event: 3.148 Thread 0x000001f2551e7880 Exception <a 'java/lang/NoSuchMethodError'{0x0000000704d6b1d0}: 'java.lang.Object java.lang.invoke.DelegatingMethodHandle$Holder.reinvoke_L(java.lang.Object, long, java.lang.Object, java.lang.Object, java.lang.Object, java.lang.Object, java.lang.Object, java.lang.Object)'> (0x0000000704d6b1d0) 
thrown [s\open\src\hotspot\share\interpreter\linkResolver.cpp, line 759]
Event: 3.148 Thread 0x000001f2551e7880 Exception <a 'java/lang/NoSuchMethodError'{0x0000000704d77e78}: 'java.lang.Object java.lang.invoke.Invokers$Holder.linkToTargetMethod(java.lang.Object, java.lang.Object, java.lang.Object, java.lang.Object, java.lang.Object, java.lang.Object, java.lang.Object)'> (0x0000000704d77e78) 
thrown [s\open\src\hotspot\share\interpreter\linkResolver.cpp, line 759]
Event: 3.189 Thread 0x000001f2551e7880 Exception <a 'java/io/FileNotFoundException'{0x0000000704b427f8}> (0x0000000704b427f8) 
thrown [s\open\src\hotspot\share\prims\jni.cpp, line 516]
Event: 3.210 Thread 0x000001f2551e7880 Exception <a 'java/lang/NoSuchMethodError'{0x0000000704861338}: 'int java.lang.invoke.DirectMethodHandle$Holder.invokeInterface(java.lang.Object, java.lang.Object, java.lang.Object, java.lang.Object)'> (0x0000000704861338) 
thrown [s\open\src\hotspot\share\interpreter\linkResolver.cpp, line 759]
Event: 3.468 Thread 0x000001f25668d980 Exception <a 'java/lang/reflect/InvocationTargetException'{0x00000007052f7d38}> (0x00000007052f7d38) 
thrown [s\open\src\hotspot\share\runtime\reflection.cpp, line 1121]
Event: 3.725 Thread 0x000001f2551e7880 Exception <a 'java/lang/NoSuchMethodError'{0x0000000711e0c3f0}: 'int java.lang.invoke.DirectMethodHandle$Holder.invokeStaticInit(java.lang.Object, java.lang.Object, java.lang.Object, java.lang.Object)'> (0x0000000711e0c3f0) 
thrown [s\open\src\hotspot\share\interpreter\linkResolver.cpp, line 759]
Event: 3.895 Thread 0x000001f2551e7880 Exception <a 'java/lang/NoSuchMethodError'{0x0000000712208778}: 'java.lang.Object java.lang.invoke.DirectMethodHandle$Holder.invokeStaticInit(java.lang.Object, java.lang.Object, java.lang.Object, java.lang.Object)'> (0x0000000712208778) 
thrown [s\open\src\hotspot\share\interpreter\linkResolver.cpp, line 759]
Event: 3.974 Thread 0x000001f25668d980 Exception <a 'java/lang/reflect/InvocationTargetException'{0x0000000711f2bb30}> (0x0000000711f2bb30) 
thrown [s\open\src\hotspot\share\runtime\reflection.cpp, line 1121]
Event: 4.001 Thread 0x000001f2551e7880 Exception <a 'java/lang/NoSuchMethodError'{0x0000000711ff18e0}: 'java.lang.Object java.lang.invoke.DirectMethodHandle$Holder.newInvokeSpecial(java.lang.Object, java.lang.Object, java.lang.Object, int)'> (0x0000000711ff18e0) 
thrown [s\open\src\hotspot\share\interpreter\linkResolver.cpp, line 759]
Event: 4.001 Thread 0x000001f2551e7880 Exception <a 'java/lang/NoSuchMethodError'{0x0000000711ff63c0}: 'java.lang.Object java.lang.invoke.DirectMethodHandle$Holder.invokeSpecial(java.lang.Object, java.lang.Object, java.lang.Object, java.lang.Object, int)'> (0x0000000711ff63c0) 
thrown [s\open\src\hotspot\share\interpreter\linkResolver.cpp, line 759]
Event: 4.002 Thread 0x000001f2551e7880 Exception <a 'java/lang/NoSuchMethodError'{0x0000000711ffa780}: 'java.lang.Object java.lang.invoke.Invokers$Holder.linkToTargetMethod(java.lang.Object, java.lang.Object, int, java.lang.Object)'> (0x0000000711ffa780) 
thrown [s\open\src\hotspot\share\interpreter\linkResolver.cpp, line 759]
Event: 4.331 Thread 0x000001f2551e7880 Exception <a 'java/lang/NoSuchMethodError'{0x00000007049863a8}: 'java.lang.Object java.lang.invoke.DirectMethodHandle$Holder.invokeStatic(java.lang.Object, java.lang.Object, int, java.lang.Object)'> (0x00000007049863a8) 
thrown [s\open\src\hotspot\share\interpreter\linkResolver.cpp, line 759]
Event: 4.331 Thread 0x000001f2551e7880 Exception <a 'java/lang/NoSuchMethodError'{0x000000070498a638}: 'java.lang.Object java.lang.invoke.DirectMethodHandle$Holder.invokeStaticInit(java.lang.Object, java.lang.Object, int, java.lang.Object)'> (0x000000070498a638) 
thrown [s\open\src\hotspot\share\interpreter\linkResolver.cpp, line 759]
Event: 4.363 Thread 0x000001f2551e7880 Exception <a 'java/lang/IncompatibleClassChangeError'{0x00000007046f74d0}: Found class java.lang.Object, but interface was expected> (0x00000007046f74d0) 
thrown [s\open\src\hotspot\share\interpreter\linkResolver.cpp, line 826]
Event: 4.480 Thread 0x000001f25668d980 Exception <a 'java/lang/reflect/InvocationTargetException'{0x00000007123e6828}> (0x00000007123e6828) 
thrown [s\open\src\hotspot\share\runtime\reflection.cpp, line 1121]

VM Operations (20 events):
Event: 3.260 Executing VM operation: HandshakeAllThreads done
Event: 3.379 Executing VM operation: HandshakeAllThreads
Event: 3.379 Executing VM operation: HandshakeAllThreads done
Event: 3.634 Executing VM operation: G1CollectForAllocation
Event: 3.637 Executing VM operation: G1CollectForAllocation done
Event: 3.891 Executing VM operation: CollectForMetadataAllocation
Event: 3.894 Executing VM operation: CollectForMetadataAllocation done
Event: 3.905 Executing VM operation: G1Concurrent
Event: 3.907 Executing VM operation: G1Concurrent done
Event: 3.913 Executing VM operation: G1Concurrent
Event: 3.913 Executing VM operation: G1Concurrent done
Event: 4.012 Executing VM operation: HandshakeAllThreads
Event: 4.012 Executing VM operation: HandshakeAllThreads done
Event: 4.383 Executing VM operation: G1CollectForAllocation
Event: 4.387 Executing VM operation: G1CollectForAllocation done
Event: 4.448 Executing VM operation: G1CollectForAllocation
Event: 4.454 Executing VM operation: G1CollectForAllocation done
Event: 4.677 Executing VM operation: ICBufferFull
Event: 4.677 Executing VM operation: ICBufferFull done
Event: 4.760 Executing VM operation: G1CollectForAllocation

Events (20 events):
Event: 4.190 loading class javax/naming/StringRefAddr
Event: 4.190 loading class javax/naming/StringRefAddr done
Event: 4.207 loading class java/util/concurrent/CompletionStage
Event: 4.207 loading class java/util/concurrent/CompletionStage done
Event: 4.207 loading class java/util/concurrent/CompletableFuture
Event: 4.208 loading class java/util/concurrent/CompletableFuture done
Event: 4.208 loading class java/util/concurrent/CompletableFuture$AltResult
Event: 4.208 loading class java/util/concurrent/CompletableFuture$AltResult done
Event: 4.209 loading class java/util/concurrent/CompletableFuture$Completion
Event: 4.209 loading class java/util/concurrent/CompletableFuture$AsynchronousCompletionTask
Event: 4.209 loading class java/util/concurrent/CompletableFuture$AsynchronousCompletionTask done
Event: 4.209 loading class java/util/concurrent/CompletableFuture$Completion done
Event: 4.249 loading class java/util/concurrent/CancellationException
Event: 4.249 loading class java/util/concurrent/CancellationException done
Event: 4.477 Thread 0x000001f25703f060 Thread added: 0x000001f25703f060
Event: 4.482 Thread 0x000001f25703f060 Thread exited: 0x000001f25703f060
Event: 4.601 loading class java/lang/reflect/AnnotatedArrayType
Event: 4.601 loading class java/lang/reflect/AnnotatedArrayType done
Event: 4.668 loading class java/lang/reflect/AnnotatedParameterizedType
Event: 4.668 loading class java/lang/reflect/AnnotatedParameterizedType done


Dynamic libraries:
0x00007ff781f80000 - 0x00007ff781f90000 	C:\Program Files\Java\jdk-17.0.5\bin\java.exe
0x00007ffee2f30000 - 0x00007ffee3128000 	C:\WINDOWS\SYSTEM32\ntdll.dll
0x00007ffee16a0000 - 0x00007ffee175f000 	C:\WINDOWS\System32\KERNEL32.DLL
0x00007ffee0c90000 - 0x00007ffee0f62000 	C:\WINDOWS\System32\KERNELBASE.dll
0x00007ffee0960000 - 0x00007ffee0a60000 	C:\WINDOWS\System32\ucrtbase.dll
0x00007ffedc290000 - 0x00007ffedc2a8000 	C:\Program Files\Java\jdk-17.0.5\bin\jli.dll
0x00007ffedc270000 - 0x00007ffedc28a000 	C:\Program Files\Java\jdk-17.0.5\bin\VCRUNTIME140.dll
0x00007ffee2a10000 - 0x00007ffee2abe000 	C:\WINDOWS\System32\ADVAPI32.dll
0x00007ffee15a0000 - 0x00007ffee163e000 	C:\WINDOWS\System32\msvcrt.dll
0x00007ffee2090000 - 0x00007ffee212c000 	C:\WINDOWS\System32\sechost.dll
0x00007ffee13a0000 - 0x00007ffee14c5000 	C:\WINDOWS\System32\RPCRT4.dll
0x00007ffee0f70000 - 0x00007ffee1111000 	C:\WINDOWS\System32\USER32.dll
0x00007ffee06b0000 - 0x00007ffee06d2000 	C:\WINDOWS\System32\win32u.dll
0x00007ffecfde0000 - 0x00007ffed007a000 	C:\WINDOWS\WinSxS\amd64_microsoft.windows.common-controls_6595b64144ccf1df_6.0.19041.1110_none_60b5254171f9507e\COMCTL32.dll
0x00007ffee2ac0000 - 0x00007ffee2aeb000 	C:\WINDOWS\System32\GDI32.dll
0x00007ffee06e0000 - 0x00007ffee07ef000 	C:\WINDOWS\System32\gdi32full.dll
0x00007ffee0a60000 - 0x00007ffee0afd000 	C:\WINDOWS\System32\msvcp_win.dll
0x00007ffece0d0000 - 0x00007ffece0da000 	C:\WINDOWS\SYSTEM32\VERSION.dll
0x00007ffee2050000 - 0x00007ffee2082000 	C:\WINDOWS\System32\IMM32.DLL
0x00007ffedc260000 - 0x00007ffedc26c000 	C:\Program Files\Java\jdk-17.0.5\bin\vcruntime140_1.dll
0x00007ffed2d90000 - 0x00007ffed2e1d000 	C:\Program Files\Java\jdk-17.0.5\bin\msvcp140.dll
0x00007ffe95a00000 - 0x00007ffe965c2000 	C:\Program Files\Java\jdk-17.0.5\bin\server\jvm.dll
0x00007ffee2b70000 - 0x00007ffee2b78000 	C:\WINDOWS\System32\PSAPI.DLL
0x00007ffec44d0000 - 0x00007ffec44d9000 	C:\WINDOWS\SYSTEM32\WSOCK32.dll
0x00007ffece080000 - 0x00007ffece0a7000 	C:\WINDOWS\SYSTEM32\WINMM.dll
0x00007ffee1830000 - 0x00007ffee189b000 	C:\WINDOWS\System32\WS2_32.dll
0x00007ffede3e0000 - 0x00007ffede3f2000 	C:\WINDOWS\SYSTEM32\kernel.appcore.dll
0x00007ffedc250000 - 0x00007ffedc25a000 	C:\Program Files\Java\jdk-17.0.5\bin\jimage.dll
0x00007ffecdd60000 - 0x00007ffecdf44000 	C:\WINDOWS\SYSTEM32\DBGHELP.DLL
0x00007ffecebf0000 - 0x00007ffecec25000 	C:\WINDOWS\SYSTEM32\dbgcore.DLL
0x00007ffee0620000 - 0x00007ffee06a2000 	C:\WINDOWS\System32\bcryptPrimitives.dll
0x00007ffedc170000 - 0x00007ffedc17e000 	C:\Program Files\Java\jdk-17.0.5\bin\instrument.dll
0x00007ffedc1f0000 - 0x00007ffedc215000 	C:\Program Files\Java\jdk-17.0.5\bin\java.dll
0x00007ffec4620000 - 0x00007ffec46f6000 	C:\Program Files\Java\jdk-17.0.5\bin\jsvml.dll
0x00007ffee18a0000 - 0x00007ffee1fe4000 	C:\WINDOWS\System32\SHELL32.dll
0x00007ffede6c0000 - 0x00007ffedee52000 	C:\WINDOWS\SYSTEM32\windows.storage.dll
0x00007ffee2130000 - 0x00007ffee2485000 	C:\WINDOWS\System32\combase.dll
0x00007ffee0080000 - 0x00007ffee00b0000 	C:\WINDOWS\SYSTEM32\Wldp.dll
0x00007ffee24f0000 - 0x00007ffee259d000 	C:\WINDOWS\System32\SHCORE.dll
0x00007ffee1340000 - 0x00007ffee1395000 	C:\WINDOWS\System32\shlwapi.dll
0x00007ffee0560000 - 0x00007ffee057f000 	C:\WINDOWS\SYSTEM32\profapi.dll
0x00007ffed2f40000 - 0x00007ffed2f58000 	C:\Program Files\Java\jdk-17.0.5\bin\zip.dll
0x00007ffedc1d0000 - 0x00007ffedc1e9000 	C:\Program Files\Java\jdk-17.0.5\bin\net.dll
0x00007ffed9880000 - 0x00007ffed998c000 	C:\WINDOWS\SYSTEM32\WINHTTP.dll
0x00007ffedfde0000 - 0x00007ffedfe4a000 	C:\WINDOWS\system32\mswsock.dll
0x00007ffed8bd0000 - 0x00007ffed8be6000 	C:\Program Files\Java\jdk-17.0.5\bin\nio.dll
0x00007ffed00a0000 - 0x00007ffed00ba000 	D:\Programme\ideaIU-2022.2.3.win\bin\breakgen64.dll
0x00007ffedfac0000 - 0x00007ffedfb8a000 	C:\WINDOWS\SYSTEM32\DNSAPI.dll
0x00007ffedfa80000 - 0x00007ffedfabb000 	C:\WINDOWS\SYSTEM32\IPHLPAPI.DLL
0x00007ffee14d0000 - 0x00007ffee14d8000 	C:\WINDOWS\System32\NSI.dll
0x0000000071570000 - 0x0000000071596000 	C:\Program Files\Bonjour\mdnsNSP.dll
0x00007ffec8160000 - 0x00007ffec816a000 	C:\Windows\System32\rasadhlp.dll
0x00007ffec8860000 - 0x00007ffec88e0000 	C:\WINDOWS\System32\fwpuclnt.dll
0x00007ffee0b00000 - 0x00007ffee0b27000 	C:\WINDOWS\System32\bcrypt.dll
0x00007ffed2f30000 - 0x00007ffed2f39000 	C:\Program Files\Java\jdk-17.0.5\bin\management.dll
0x00007ffed2e50000 - 0x00007ffed2e5b000 	C:\Program Files\Java\jdk-17.0.5\bin\management_ext.dll
0x00007ffedffe0000 - 0x00007ffedfff8000 	C:\WINDOWS\SYSTEM32\CRYPTSP.dll
0x00007ffedf690000 - 0x00007ffedf6c4000 	C:\WINDOWS\system32\rsaenh.dll
0x00007ffee0520000 - 0x00007ffee054e000 	C:\WINDOWS\SYSTEM32\USERENV.dll
0x00007ffedffd0000 - 0x00007ffedffdc000 	C:\WINDOWS\SYSTEM32\CRYPTBASE.dll
0x00007ffeda740000 - 0x00007ffeda757000 	C:\WINDOWS\SYSTEM32\dhcpcsvc6.DLL
0x00007ffeda8c0000 - 0x00007ffeda8dd000 	C:\WINDOWS\SYSTEM32\dhcpcsvc.DLL
0x00007ffeace40000 - 0x00007ffeace57000 	C:\WINDOWS\system32\napinsp.dll
0x00007ffeace20000 - 0x00007ffeace3b000 	C:\WINDOWS\system32\pnrpnsp.dll
0x00007ffeac420000 - 0x00007ffeac435000 	C:\WINDOWS\system32\wshbth.dll
0x00007ffedc0d0000 - 0x00007ffedc0ed000 	C:\WINDOWS\system32\NLAapi.dll
0x00007ffeac400000 - 0x00007ffeac412000 	C:\WINDOWS\System32\winrnr.dll
0x00007ffed8cd0000 - 0x00007ffed8ce0000 	C:\Program Files\Java\jdk-17.0.5\bin\verify.dll
0x00007ffed2e30000 - 0x00007ffed2e3e000 	C:\Program Files\Java\jdk-17.0.5\bin\sunmscapi.dll
0x00007ffee0b30000 - 0x00007ffee0c86000 	C:\WINDOWS\System32\CRYPT32.dll
0x00007ffee00f0000 - 0x00007ffee0117000 	C:\WINDOWS\SYSTEM32\ncrypt.dll
0x00007ffee00b0000 - 0x00007ffee00eb000 	C:\WINDOWS\SYSTEM32\NTASN1.dll

dbghelp: loaded successfully - version: 4.0.5 - missing functions: none
symbol engine: initialized successfully - sym options: 0x614 - pdb path: .;C:\Program Files\Java\jdk-17.0.5\bin;C:\WINDOWS\SYSTEM32;C:\WINDOWS\WinSxS\amd64_microsoft.windows.common-controls_6595b64144ccf1df_6.0.19041.1110_none_60b5254171f9507e;C:\Program Files\Java\jdk-17.0.5\bin\server;D:\Programme\ideaIU-2022.2.3.win\bin;C:\Program Files\Bonjour

VM Arguments:
jvm_args: -XX:TieredStopAtLevel=1 -Dspring.output.ansi.enabled=always -Dcom.sun.management.jmxremote -Dspring.jmx.enabled=true -Dspring.liveBeansView.mbeanDomain -Dspring.application.admin.enabled=true -javaagent:D:\Programme\ideaIU-2022.2.3.win\lib\idea_rt.jar=7799:D:\Programme\ideaIU-2022.2.3.win\bin -Dfile.encoding=UTF-8 
java_command: mg.cloud.enchere_back_end.EnchereBackEndApplication
java_class_path (initial): D:\ITU\L3\S5\Mr_Rojo\Enchere\Enchere_Back_End2\target\classes;C:\Users\Tita\.m2\repository\org\springframework\boot\spring-boot-starter-data-jpa\3.0.1\spring-boot-starter-data-jpa-3.0.1.jar;C:\Users\Tita\.m2\repository\org\springframework\boot\spring-boot-starter-aop\3.0.1\spring-boot-starter-aop-3.0.1.jar;C:\Users\Tita\.m2\repository\org\aspectj\aspectjweaver\1.9.19\aspectjweaver-1.9.19.jar;C:\Users\Tita\.m2\repository\org\springframework\boot\spring-boot-starter-jdbc\3.0.1\spring-boot-starter-jdbc-3.0.1.jar;C:\Users\Tita\.m2\repository\com\zaxxer\HikariCP\5.0.1\HikariCP-5.0.1.jar;C:\Users\Tita\.m2\repository\org\springframework\spring-jdbc\6.0.3\spring-jdbc-6.0.3.jar;C:\Users\Tita\.m2\repository\org\hibernate\orm\hibernate-core\6.1.6.Final\hibernate-core-6.1.6.Final.jar;C:\Users\Tita\.m2\repository\jakarta\persistence\jakarta.persistence-api\3.1.0\jakarta.persistence-api-3.1.0.jar;C:\Users\Tita\.m2\repository\jakarta\transaction\jakarta.transaction-api\2.0.1\jakarta.transaction-api-2.0.1.jar;C:\Users\Tita\.m2\repository\org\jboss\logging\jboss-logging\3.5.0.Final\jboss-logging-3.5.0.Final.jar;C:\Users\Tita\.m2\repository\org\hibernate\common\hibernate-commons-annotations\6.0.2.Final\hibernate-commons-annotations-6.0.2.Final.jar;C:\Users\Tita\.m2\repository\org\jboss\jandex\2.4.2.Final\jandex-2.4.2.Final.jar;C:\Users\Tita\.m2\repository\com\fasterxml\classmate\1.5.1\classmate-1.5.1.jar;C:\Users\Tita\.m2\repository\net\bytebuddy\byte-buddy\1.12.20\byte-buddy-1.12.20.jar;C:\Users\Tita\.m2\repository\org\glassfish\jaxb\jaxb-runtime\4.0.1\jaxb-runtime-4.0.1.jar;C:\Users\Tita\.m2\repository\org\glassfish\jaxb\jaxb-core\4.0.1\jaxb-core-4.0.1.jar;C:\Users\Tita\.m2\repository\org\eclipse\angus\angus-activation\1.0.0\angus-activation-1.0.0.jar;C:\Users\Tita\.m2\repository\org\glassfish\jaxb\txw2\4.0.1\txw2-4.0.1.jar;C:\Users\Tita\.m2\repository\com\sun\istack\istack-commons-runtime\4.1.1\istack-commons-runtime-4.1.1.jar;C:\Users\Tita\.m2\reposit
Launcher Type: SUN_STANDARD

[Global flags]
     intx CICompilerCount                          = 4                                         {product} {ergonomic}
     uint ConcGCThreads                            = 3                                         {product} {ergonomic}
     uint G1ConcRefinementThreads                  = 10                                        {product} {ergonomic}
   size_t G1HeapRegionSize                         = 2097152                                   {product} {ergonomic}
    uintx GCDrainStackTargetSize                   = 64                                        {product} {ergonomic}
   size_t InitialHeapSize                          = 266338304                                 {product} {ergonomic}
     bool ManagementServer                         = true                                      {product} {command line}
   size_t MarkStackSize                            = 4194304                                   {product} {ergonomic}
   size_t MaxHeapSize                              = 4255121408                                {product} {ergonomic}
   size_t MaxNewSize                               = 2552233984                                {product} {ergonomic}
   size_t MinHeapDeltaBytes                        = 2097152                                   {product} {ergonomic}
   size_t MinHeapSize                              = 8388608                                   {product} {ergonomic}
    uintx NonProfiledCodeHeapSize                  = 0                                      {pd product} {ergonomic}
     bool ProfileInterpreter                       = false                                  {pd product} {command line}
    uintx ProfiledCodeHeapSize                     = 0                                      {pd product} {ergonomic}
   size_t SoftMaxHeapSize                          = 4255121408                             {manageable} {ergonomic}
     intx TieredStopAtLevel                        = 1                                         {product} {command line}
     bool UseCompressedClassPointers               = true                           {product lp64_product} {ergonomic}
     bool UseCompressedOops                        = true                           {product lp64_product} {ergonomic}
     bool UseG1GC                                  = true                                      {product} {ergonomic}
     bool UseLargePagesIndividualAllocation        = false                                  {pd product} {ergonomic}

Logging:
Log output configuration:
 #0: stdout all=warning uptime,level,tags
 #1: stderr all=off uptime,level,tags

Environment Variables:
JAVA_HOME=C:\Program Files\Java\jdk-17.0.5
CLASSPATH=C:\Program Files\Apache Software Foundation\Tomcat 10.0_Tomcat10.0\lib\servlet-api.jar
PATH=C:\Program Files (x86)\Razer Chroma SDK\bin;C:\Program Files\Razer Chroma SDK\bin;C:\Program Files (x86)\Razer\ChromaBroadcast\bin;C:\Program Files\Razer\ChromaBroadcast\bin;D:\app\Tita\product\11.2.0\dbhome_1\bin;C:\Program Files\Common Files\Oracle\Java\javapath;C:\Program Files (x86)\Common Files\Oracle\Java\javapath;C:\ProgramData\Oracle\Java\javapath;C:\Program Files (x86)\Intel\Intel(R) Management Engine Components\iCLS\;C:\Program Files\Intel\Intel(R) Management Engine Components\iCLS\;C:\Windows\system32;C:\Windows;C:\Windows\System32\Wbem;C:\Windows\System32\WindowsPowerShell\v1.0\;C:\Windows\System32\OpenSSH\;C:\Program Files (x86)\Intel\Intel(R) Management Engine Components\DAL;C:\Program Files\Intel\Intel(R) Management Engine Components\DAL;C:\Program Files (x86)\Intel\Intel(R) Management Engine Components\IPT;C:\Program Files\Intel\Intel(R) Management Engine Components\IPT;C:\Program Files (x86)\NVIDIA Corporation\PhysX\Common;C:\WINDOWS\system32;C:\WINDOWS;C:\WINDOWS\System32\Wbem;C:\WINDOWS\System32\WindowsPowerShell\v1.0\;C:\WINDOWS\System32\OpenSSH\;C:\Users\Tita\.dnx\bin;C:\Program Files\Microsoft DNX\Dnvm\;C:\Program Files\NVIDIA Corporation\NVIDIA NvDLISR;C:\MinGW\bin;C:\WINDOWS\system32;C:\WINDOWS;C:\WINDOWS\System32\Wbem;C:\WINDOWS\System32\WindowsPowerShell\v1.0\;C:\WINDOWS\System32\OpenSSH\;C:\Program Files\PostgreSQL\14\bin;C:\WINDOWS\system32\config\systemprofile\AppData\Local\Microsoft\WindowsApps;C:\Users\Tita\.dnx\bin;C:\Users\Tita\AppData\Local\Microsoft\WindowsApps;C:\Users\Tita\AppData\Local\Programs\Microsoft VS Code\bin;C:\Users\Tita\AppData\Local\GitHubDesktop\bin;C:\Program Files\Git\cmd;C:\Program Files\Microsoft SQL Server\Client SDK\ODBC\170\Tools\Binn\;C:\Program Files (x86)\Microsoft SQL Server\150\Tools\Binn\;C:\Program Files\Microsoft SQL Server\150\Tools\Binn\;C:\Program Files\Microsoft SQL Server\150\DTS\Binn\;C:\Program Files\dotnet\;D:\Programme\NodeJs\;C:\apache-maven-3.8.6\bin;C:\Users\Tita\.dnx\bin;C:\Users\Tita\Ap
USERNAME=Tita
OS=Windows_NT
PROCESSOR_IDENTIFIER=Intel64 Family 6 Model 158 Stepping 10, GenuineIntel



---------------  S Y S T E M  ---------------

OS:
 Windows 10 , 64 bit Build 19041 (10.0.19041.2364)
OS uptime: 0 days 23:03 hours

CPU: total 12 (initial active 12) (6 cores per cpu, 2 threads per core) family 6 model 158 stepping 10 microcode 0xb4, cx8, cmov, fxsr, ht, mmx, 3dnowpref, sse, sse2, sse3, ssse3, sse4.1, sse4.2, popcnt, lzcnt, tsc, tscinvbit, avx, avx2, aes, erms, clmul, bmi1, bmi2, adx, fma, vzeroupper, clflush, clflushopt

Memory: 4k page, system-wide physical 16226M (4771M free)
TotalPageFile size 22089M (AvailPageFile size 99M)
current process WorkingSet (physical memory assigned to process): 176M, peak: 176M
current process commit charge ("private bytes"): 221M, peak: 383M

vm_info: Java HotSpot(TM) 64-Bit Server VM (17.0.5+9-LTS-191) for windows-amd64 JRE (17.0.5+9-LTS-191), built on Sep 13 2022 17:31:43 by "mach5one" with MS VC++ 16.8 / 16.9 (VS2019)

END.
